build	Build Debug APK	ï»¿2026-01-21T03:32:25.1448267Z ##[group]Run gradle assembleDebug --no-daemon
build	Build Debug APK	2026-01-21T03:32:25.1448688Z [36;1mgradle assembleDebug --no-daemon[0m
build	Build Debug APK	2026-01-21T03:32:25.1483305Z shell: /usr/bin/bash -e {0}
build	Build Debug APK	2026-01-21T03:32:25.1483554Z env:
build	Build Debug APK	2026-01-21T03:32:25.1483857Z   JAVA_HOME: /opt/hostedtoolcache/Java_Temurin-Hotspot_jdk/17.0.17-10/x64
build	Build Debug APK	2026-01-21T03:32:25.1484360Z   JAVA_HOME_17_X64: /opt/hostedtoolcache/Java_Temurin-Hotspot_jdk/17.0.17-10/x64
build	Build Debug APK	2026-01-21T03:32:25.1484774Z   ANDROID_HOME: /usr/local/lib/android/sdk
build	Build Debug APK	2026-01-21T03:32:25.1485055Z   ANDROID_SDK_ROOT: /usr/local/lib/android/sdk
build	Build Debug APK	2026-01-21T03:32:25.1485341Z   GRADLE_ACTION_ID: gradle/actions/setup-gradle
build	Build Debug APK	2026-01-21T03:32:25.1485960Z   GRADLE_USER_HOME: /home/runner/.gradle
build	Build Debug APK	2026-01-21T03:32:25.1486235Z   GRADLE_BUILD_ACTION_SETUP_COMPLETED: true
build	Build Debug APK	2026-01-21T03:32:25.1486510Z   GRADLE_BUILD_ACTION_CACHE_RESTORED: true
build	Build Debug APK	2026-01-21T03:32:25.1486918Z   DEVELOCITY_INJECTION_INIT_SCRIPT_NAME: gradle-actions.inject-develocity.init.gradle
build	Build Debug APK	2026-01-21T03:32:25.1487397Z   DEVELOCITY_INJECTION_CUSTOM_VALUE: gradle-actions
build	Build Debug APK	2026-01-21T03:32:25.1487736Z   GITHUB_DEPENDENCY_GRAPH_ENABLED: false
build	Build Debug APK	2026-01-21T03:32:25.1487986Z ##[endgroup]
build	Build Debug APK	2026-01-21T03:32:25.6395291Z 
build	Build Debug APK	2026-01-21T03:32:25.6400341Z Welcome to Gradle 8.4!
build	Build Debug APK	2026-01-21T03:32:25.6403675Z 
build	Build Debug APK	2026-01-21T03:32:25.6404216Z Here are the highlights of this release:
build	Build Debug APK	2026-01-21T03:32:25.6417660Z  - Compiling and testing with Java 21
build	Build Debug APK	2026-01-21T03:32:25.6418314Z  - Faster Java compilation on Windows
build	Build Debug APK	2026-01-21T03:32:25.6419001Z  - Role focused dependency configurations creation
build	Build Debug APK	2026-01-21T03:32:25.6419412Z 
build	Build Debug APK	2026-01-21T03:32:25.6419905Z For more details see https://docs.gradle.org/8.4/release-notes.html
build	Build Debug APK	2026-01-21T03:32:25.6420418Z 
build	Build Debug APK	2026-01-21T03:32:25.7383356Z To honour the JVM settings for this build a single-use Daemon process will be forked. For more on this, please refer to https://docs.gradle.org/8.4/userguide/gradle_daemon.html#sec:disabling_the_daemon in the Gradle documentation.
build	Build Debug APK	2026-01-21T03:32:26.9377298Z Daemon will be stopped at the end of the build 
build	Build Debug APK	2026-01-21T03:34:00.6400041Z > Task :app:preBuild UP-TO-DATE
build	Build Debug APK	2026-01-21T03:34:00.6403367Z > Task :app:preDebugBuild UP-TO-DATE
build	Build Debug APK	2026-01-21T03:34:00.6404939Z > Task :app:mergeDebugNativeDebugMetadata NO-SOURCE
build	Build Debug APK	2026-01-21T03:34:00.6406782Z > Task :app:checkKotlinGradlePluginConfigurationErrors
build	Build Debug APK	2026-01-21T03:34:30.6376422Z > Task :app:checkDebugAarMetadata
build	Build Debug APK	2026-01-21T03:34:55.9388371Z > Task :app:generateDebugResValues
build	Build Debug APK	2026-01-21T03:34:56.0376568Z > Task :app:mapDebugSourceSetPaths
build	Build Debug APK	2026-01-21T03:34:56.0385532Z > Task :app:generateDebugResources
build	Build Debug APK	2026-01-21T03:34:56.9409872Z > Task :app:packageDebugResources
build	Build Debug APK	2026-01-21T03:34:57.6375172Z > Task :app:mergeDebugResources
build	Build Debug APK	2026-01-21T03:34:58.3393237Z > Task :app:createDebugCompatibleScreenManifests
build	Build Debug APK	2026-01-21T03:34:58.3397528Z > Task :app:extractDeepLinksDebug
build	Build Debug APK	2026-01-21T03:34:58.5375128Z > Task :app:parseDebugLocalResources
build	Build Debug APK	2026-01-21T03:34:58.7380947Z > Task :app:processDebugMainManifest
build	Build Debug APK	2026-01-21T03:34:58.7385521Z > Task :app:processDebugManifest
build	Build Debug APK	2026-01-21T03:35:07.9376616Z > Task :app:javaPreCompileDebug
build	Build Debug APK	2026-01-21T03:35:08.0375955Z > Task :app:mergeDebugShaders
build	Build Debug APK	2026-01-21T03:35:08.0377455Z > Task :app:compileDebugShaders NO-SOURCE
build	Build Debug APK	2026-01-21T03:35:08.0378481Z > Task :app:generateDebugAssets UP-TO-DATE
build	Build Debug APK	2026-01-21T03:35:08.0379662Z > Task :app:processDebugManifestForPackage
build	Build Debug APK	2026-01-21T03:35:09.6419584Z > Task :app:mergeDebugAssets
build	Build Debug APK	2026-01-21T03:35:09.7376721Z > Task :app:compressDebugAssets
build	Build Debug APK	2026-01-21T03:35:09.7377400Z > Task :app:desugarDebugFileDependencies
build	Build Debug APK	2026-01-21T03:35:09.9377043Z > Task :app:processDebugResources
build	Build Debug APK	2026-01-21T03:35:12.1376892Z > Task :app:checkDebugDuplicateClasses
build	Build Debug APK	2026-01-21T03:35:33.5379914Z 
build	Build Debug APK	2026-01-21T03:35:33.5381183Z > Task :app:kspDebugKotlin
build	Build Debug APK	2026-01-21T03:35:33.5384784Z w: [ksp] /home/runner/work/android_arm_controller/android_arm_controller/app/src/main/java/com/aizhigu/armcontroller/data/ActionEntities.kt:67: projectId column references a foreign key but it is not part of an index. This may trigger full table scans whenever parent table is modified so you are highly advised to create an index that covers this column.
build	Build Debug APK	2026-01-21T03:35:49.8376655Z 
build	Build Debug APK	2026-01-21T03:35:49.8381279Z > Task :app:mergeExtDexDebug
build	Build Debug APK	2026-01-21T03:36:38.1376774Z > Task :app:mergeDebugJniLibFolders
build	Build Debug APK	2026-01-21T03:36:38.1381191Z > Task :app:mergeLibDexDebug
build	Build Debug APK	2026-01-21T03:36:38.6390277Z > Task :app:mergeDebugNativeLibs NO-SOURCE
build	Build Debug APK	2026-01-21T03:36:38.6416802Z > Task :app:stripDebugDebugSymbols NO-SOURCE
build	Build Debug APK	2026-01-21T03:36:40.8376267Z > Task :app:validateSigningDebug
build	Build Debug APK	2026-01-21T03:36:40.8379890Z > Task :app:writeDebugAppMetadata
build	Build Debug APK	2026-01-21T03:36:40.9407266Z > Task :app:writeDebugSigningConfigVersions
build	Build Debug APK	2026-01-21T03:36:51.1376026Z 
build	Build Debug APK	2026-01-21T03:36:51.1382736Z e: file:///home/runner/work/android_arm_controller/android_arm_controller/app/src/main/java/com/aizhigu/armcontroller/connection/BleConnectionImpl.kt:115:24 Cannot access 'writeCharacteristic': it is protected in '<no name provided>'
build	Build Debug APK	2026-01-21T03:36:51.1385045Z e: file:///home/runner/work/android_arm_controller/android_arm_controller/app/src/main/java/com/aizhigu/armcontroller/ui/ActionSequencerViewModel.kt:108:41 Type mismatch: inferred type is ActionProject but ActionProjectEntity was expected
build	Build Debug APK	2026-01-21T03:36:51.1386620Z > Task :app:compileDebugKotlin FAILED
build	Build Debug APK	2026-01-21T03:36:51.2384564Z gradle/actions: Writing build results to /home/runner/work/_temp/.gradle-actions/build-results/__run-1768966351182.json
build	Build Debug APK	2026-01-21T03:36:51.2386379Z 27 actionable tasks: 27 executed
build	Build Debug APK	2026-01-21T03:36:51.2414851Z 
build	Build Debug APK	2026-01-21T03:36:51.2415285Z FAILURE: Build failed with an exception.
build	Build Debug APK	2026-01-21T03:36:51.2415783Z 
build	Build Debug APK	2026-01-21T03:36:51.2415956Z * What went wrong:
build	Build Debug APK	2026-01-21T03:36:51.2416615Z Execution failed for task ':app:compileDebugKotlin'.
build	Build Debug APK	2026-01-21T03:36:51.2418152Z > A failure occurred while executing org.jetbrains.kotlin.compilerRunner.GradleCompilerRunnerWithWorkers$GradleKotlinCompilerWorkAction
build	Build Debug APK	2026-01-21T03:36:51.2419483Z    > Compilation error. See log for more details
build	Build Debug APK	2026-01-21T03:36:51.2419910Z 
build	Build Debug APK	2026-01-21T03:36:51.2420069Z * Try:
build	Build Debug APK	2026-01-21T03:36:51.2420540Z > Run with --stacktrace option to get the stack trace.
build	Build Debug APK	2026-01-21T03:36:51.2421352Z > Run with --info or --debug option to get more log output.
build	Build Debug APK	2026-01-21T03:36:51.2422028Z > Run with --scan to get full insights.
build	Build Debug APK	2026-01-21T03:36:51.2422578Z > Get more help at https://help.gradle.org.
build	Build Debug APK	2026-01-21T03:36:51.2426384Z 
build	Build Debug APK	2026-01-21T03:36:51.2426620Z BUILD FAILED in 4m 26s
build	Build Debug APK	2026-01-21T03:36:51.8594700Z ##[error]Process completed with exit code 1.
